<?xml version="1.0" encoding="UTF-8"?>
<!-- Generated by org.testng.reporters.JUnitReportReporter -->
<testsuite hostname="DESKTOP-6MMKR3C" failures="0" tests="1" name="Appium.Appium_Java.test5" time="9.426" errors="0" timestamp="2023-07-25T16:23:17 IST" skipped="0">
  <testcase classname="Appium.Appium_Java.test5" name="test5" time="9.426"/>
</testsuite> <!-- Appium.Appium_Java.test5 -->
